<?xml version="1.0" encoding="UTF-8"?>
<!-- Generated by org.testng.reporters.JUnitReportReporter -->
<testsuite hostname="DESKTOP-V5C2LR7" failures="0" tests="1" name="com.testcase.SignInGoogleAccount" time="48.164" errors="0" timestamp="2023-08-07T18:17:47 IST" skipped="0">
  <testcase classname="com.testcase.SignInGoogleAccount" name="verifySignInGoogleAccountWith2StepVerification" time="48.164"/>
  <system-out/>
</testsuite> <!-- com.testcase.SignInGoogleAccount -->
