<?xml version="1.0" encoding="UTF-8"?>
<!-- Generated by org.testng.reporters.JUnitReportReporter -->
<testsuite hostname="DESKTOP-V5C2LR7" failures="0" tests="1" name="com.performtask.SignInGoogleAccount" time="36.984" errors="0" timestamp="2023-08-07T14:33:57 IST" skipped="0">
  <testcase classname="com.performtask.SignInGoogleAccount" name="verifySignInGoogleAccountWith2StepVerification" time="36.984"/>
  <system-out/>
</testsuite> <!-- com.performtask.SignInGoogleAccount -->
